Info: constrained 'clk' to bel 'X19/Y0/io1'
Info: constrained 'UART_RX' to bel 'X13/Y0/io1'
Info: constrained 'UART_TX' to bel 'X15/Y0/io0'
Info: constrained 'flash_clk' to bel 'X24/Y0/io0'
Info: constrained 'flash_csb' to bel 'X24/Y0/io1'
Info: constrained 'flash_io0' to bel 'X23/Y0/io0'
Info: constrained 'flash_io1' to bel 'X23/Y0/io1'
Info: constrained 'flash_io2' to bel 'X18/Y0/io0'
Info: constrained 'flash_io3' to bel 'X19/Y0/io0'

Info: Packing constants..
Info: Packing IOs..
Info: flash_io0 feeds SB_IO flash_io_buf[0], removing $nextpnr_iobuf flash_io0.
Info: flash_io1 feeds SB_IO flash_io_buf[1], removing $nextpnr_iobuf flash_io1.
Info: flash_io2 feeds SB_IO flash_io_buf[2], removing $nextpnr_iobuf flash_io2.
Info: flash_io3 feeds SB_IO flash_io_buf[3], removing $nextpnr_iobuf flash_io3.
Info: Packing LUT-FFs..
Info:     2488 LCs used as LUT4 only
Info:      740 LCs used as LUT4 and DFF
Info: Packing non-LUT FFs..
Info:      337 LCs used as DFF only
Info: Packing carries..
Info:      278 LCs used as CARRY only
Info: Packing RAMs..
Info: Placing PLLs..
Info: Packing special functions..
Info: Packing PLLs..
Info: Promoting globals..
Info: promoting clk$SB_IO_IN (fanout 1089)
Info: promoting soc.cpu.resetn_SB_LUT4_I3_O [reset] (fanout 482)
Info: promoting soc.simpleuart.send_dummy_SB_LUT4_I3_I2_SB_LUT4_I1_O [reset] (fanout 32)
Info: promoting soc.cpu.is_lui_auipc_jal_SB_DFF_Q_D_SB_LUT4_I2_O [reset] (fanout 31)
Info: promoting iomem_ready_SB_LUT4_I1_O_SB_LUT4_I1_O[0] [reset] (fanout 17)
Info: promoting soc.cpu.irq_delay_SB_LUT4_I2_O_SB_LUT4_I1_O_SB_LUT4_I1_O [cen] (fanout 65)
Info: promoting soc.cpu.instr_sll_SB_LUT4_I0_O_SB_LUT4_I2_I0_SB_LUT4_I3_O[1] [cen] (fanout 62)
Info: promoting soc.spimemio.xfer.next_fetch_SB_LUT4_I1_O_SB_LUT4_I2_1_O_SB_LUT4_I3_O [cen] (fanout 54)
Info: Constraining chains...
Info:       56 LCs used to legalise carry chains.
Info: Checksum: 0x96491a1e

Info: Annotating ports with timing budgets for target frequency 13.00 MHz
Info: Checksum: 0x9d86480b

Info: Device utilisation:
Info: 	         ICESTORM_LC:  3901/ 5280    73%
Info: 	        ICESTORM_RAM:     4/   30    13%
Info: 	               SB_IO:     9/   96     9%
Info: 	               SB_GB:     8/    8   100%
Info: 	        ICESTORM_PLL:     0/    1     0%
Info: 	         SB_WARMBOOT:     0/    1     0%
Info: 	        ICESTORM_DSP:     0/    8     0%
Info: 	      ICESTORM_HFOSC:     0/    1     0%
Info: 	      ICESTORM_LFOSC:     0/    1     0%
Info: 	              SB_I2C:     0/    2     0%
Info: 	              SB_SPI:     0/    2     0%
Info: 	              IO_I3C:     0/    2     0%
Info: 	         SB_LEDDA_IP:     0/    1     0%
Info: 	         SB_RGBA_DRV:     0/    1     0%
Info: 	      ICESTORM_SPRAM:     4/    4   100%

Info: Placed 9 cells based on constraints.
Info: Creating initial analytic placement for 3141 cells, random placement wirelen = 94646.
Info:     at initial placer iter 0, wirelen = 1948
Info:     at initial placer iter 1, wirelen = 1938
Info:     at initial placer iter 2, wirelen = 1942
Info:     at initial placer iter 3, wirelen = 1938
Info: Running main analytical placer.
Info:     at iteration #1, type ALL: wirelen solved = 1941, spread = 38845, legal = 40202; time = 0.34s
Info:     at iteration #2, type ALL: wirelen solved = 1884, spread = 32272, legal = 35255; time = 0.38s
Info:     at iteration #3, type ALL: wirelen solved = 2773, spread = 29672, legal = 31590; time = 0.36s
Info:     at iteration #4, type ALL: wirelen solved = 3852, spread = 27020, legal = 31104; time = 0.40s
Info:     at iteration #5, type ALL: wirelen solved = 4857, spread = 25283, legal = 29113; time = 0.38s
Info:     at iteration #6, type ALL: wirelen solved = 5967, spread = 24006, legal = 28170; time = 0.37s
Info:     at iteration #7, type ALL: wirelen solved = 6971, spread = 23550, legal = 27088; time = 0.37s
Info:     at iteration #8, type ALL: wirelen solved = 7954, spread = 23425, legal = 27051; time = 0.37s
Info:     at iteration #9, type ALL: wirelen solved = 8597, spread = 22538, legal = 26640; time = 0.37s
Info:     at iteration #10, type ALL: wirelen solved = 9114, spread = 22838, legal = 25872; time = 0.31s
Info:     at iteration #11, type ALL: wirelen solved = 10004, spread = 22510, legal = 24897; time = 0.30s
Info:     at iteration #12, type ALL: wirelen solved = 10369, spread = 22852, legal = 25874; time = 0.31s
Info:     at iteration #13, type ALL: wirelen solved = 10888, spread = 22510, legal = 25819; time = 0.30s
Info:     at iteration #14, type ALL: wirelen solved = 11514, spread = 23305, legal = 26430; time = 0.30s
Info:     at iteration #15, type ALL: wirelen solved = 12126, spread = 22551, legal = 25963; time = 0.31s
Info:     at iteration #16, type ALL: wirelen solved = 12887, spread = 22645, legal = 25638; time = 0.30s
Info: HeAP Placer Time: 8.11s
Info:   of which solving equations: 4.54s
Info:   of which spreading cells: 0.64s
Info:   of which strict legalisation: 0.83s

Info: Running simulated annealing placer for refinement.
Info:   at iteration #1: temp = 0.000000, timing cost = 2486, wirelen = 24897
Info:   at iteration #5: temp = 0.000000, timing cost = 2078, wirelen = 21775
Info:   at iteration #10: temp = 0.000000, timing cost = 2009, wirelen = 20678
Info:   at iteration #15: temp = 0.000000, timing cost = 1978, wirelen = 20080
Info:   at iteration #20: temp = 0.000000, timing cost = 1872, wirelen = 19703
Info:   at iteration #25: temp = 0.000000, timing cost = 1786, wirelen = 19589
Info:   at iteration #30: temp = 0.000000, timing cost = 1752, wirelen = 19546
Info:   at iteration #32: temp = 0.000000, timing cost = 1764, wirelen = 19537 
Info: SA placement time 29.47s

Info: Max frequency for clock 'clk$SB_IO_IN_$glb_clk': 14.93 MHz (PASS at 13.00 MHz)

Info: Max delay <async>                       -> posedge clk$SB_IO_IN_$glb_clk: 46.68 ns
Info: Max delay posedge clk$SB_IO_IN_$glb_clk -> <async>                      : 20.23 ns
Info: Max delay negedge clk$SB_IO_IN_$glb_clk -> <async>                      : 10.13 ns

Info: Slack histogram:
Info:  legend: * represents 12 endpoint(s)
Info:          + represents [1,12) endpoint(s)
Info: [  9941,  13133) |**+
Info: [ 13133,  16325) |*****+
Info: [ 16325,  19517) |******+
Info: [ 19517,  22709) |******+
Info: [ 22709,  25901) |*+
Info: [ 25901,  29093) |****+
Info: [ 29093,  32285) |*****+
Info: [ 32285,  35477) |**********+
Info: [ 35477,  38669) |**************+
Info: [ 38669,  41861) |*******+
Info: [ 41861,  45053) |***********+
Info: [ 45053,  48245) |**********+
Info: [ 48245,  51437) |**************+
Info: [ 51437,  54629) |*****************************************+
Info: [ 54629,  57821) |**************************************+
Info: [ 57821,  61013) |*****************************+
Info: [ 61013,  64205) |*********************+
Info: [ 64205,  67397) |*********************+
Info: [ 67397,  70589) |********************************************+
Info: [ 70589,  73781) |************************************************************ 
Info: Checksum: 0x9f1445b3

Info: Routing..
Info: Setting up routing queue.
Info: Routing 13120 arcs.
Info:            |   (re-)routed arcs  |   delta    | remaining|       time spent     |
Info:    IterCnt |  w/ripup   wo/ripup |  w/r  wo/r |      arcs| batch(sec) total(sec)|
Info:       1000 |       43        675 |   43   675 |     12165|       0.82       0.82|
Info:       2000 |       90       1300 |   47   625 |     11214|       0.30       1.12|
Info:       3000 |      128       2262 |   38   962 |     10258|       0.59       1.71|
Info:       4000 |      284       3106 |  156   844 |      9439|       0.79       2.50|
Info:       5000 |      458       3932 |  174   826 |      8653|       1.09       3.59|
Info:       6000 |      526       4864 |   68   932 |      7739|       1.01       4.60|
Info:       7000 |      620       5770 |   94   906 |      6863|       1.87       6.47|
Info:       8000 |      777       6613 |  157   843 |      6081|       1.64       8.11|
Info:       9000 |     1025       7365 |  248   752 |      5507|       1.91      10.02|
Info:      10000 |     1246       8144 |  221   779 |      4861|       1.21      11.23|
Info:      11000 |     1619       8771 |  373   627 |      4430|       1.79      13.02|
Info:      12000 |     1993       9397 |  374   626 |      4070|       2.42      15.45|
Info:      13000 |     2424       9966 |  431   569 |      3760|       2.22      17.67|
Info:      14000 |     2844      10546 |  420   580 |      3460|       2.25      19.91|
Info:      15000 |     3365      11025 |  521   479 |      3281|       3.35      23.26|
Info:      16000 |     3847      11543 |  482   518 |      3144|       2.94      26.20|
Info:      17000 |     4376      12014 |  529   471 |      2992|       3.09      29.29|
Info:      18000 |     4868      12522 |  492   508 |      2773|       2.48      31.77|
Info:      19000 |     5389      13001 |  521   479 |      2581|       2.60      34.37|
Info:      20000 |     5881      13509 |  492   508 |      2460|       3.36      37.72|
Info:      21000 |     6400      13990 |  519   481 |      2277|       2.95      40.67|
Info:      22000 |     6905      14485 |  505   495 |      2077|       2.79      43.46|
Info:      23000 |     7460      14930 |  555   445 |      1984|       3.14      46.59|
Info:      24000 |     8024      15366 |  564   436 |      1921|       3.51      50.10|
Info:      25000 |     8569      15821 |  545   455 |      1755|       2.73      52.83|
Info:      26000 |     9125      16265 |  556   444 |      1625|       3.45      56.29|
Info:      27000 |     9670      16720 |  545   455 |      1480|       3.34      59.63|
Info:      28000 |    10181      17209 |  511   489 |      1358|       3.51      63.14|
Info:      29000 |    10710      17680 |  529   471 |      1250|       2.81      65.95|
Info:      30000 |    11281      18109 |  571   429 |      1218|       4.52      70.47|
Info:      31000 |    11851      18539 |  570   430 |      1134|       3.09      73.56|
Info:      32000 |    12347      19043 |  496   504 |       988|       2.92      76.48|
Info:      33000 |    12590      19800 |  243   757 |       349|       2.17      78.65|
Info:      34000 |    13105      20285 |  515   485 |       175|       5.36      84.02|
Info:      34849 |    13521      20694 |  416   409 |         0|       3.43      87.44|
Info: Routing complete.
Info: Router1 time 87.44s
Info: Checksum: 0xa00caf51

Info: Critical path report for clock 'clk$SB_IO_IN_$glb_clk' (posedge -> posedge):
Info: curr total
Info:  1.4  1.4  Source soc.cpu.mem_la_addr_SB_LUT4_O_29_LC.O
Info:  3.1  4.4    Net iomem_addr[2] budget 0.000000 ns (18,14) -> (18,9)
Info:                Sink iomem_ready_SB_LUT4_I3_I1_SB_CARRY_CO_I1_SB_LUT4_O_26_LC.I3
Info:                Defined in:
Info:                  /opt/sft/bin/../share/yosys/ice40/cells_map.v:6.21-6.22
Info:  0.9  5.3  Source iomem_ready_SB_LUT4_I3_I1_SB_CARRY_CO_I1_SB_LUT4_O_26_LC.O
Info:  1.8  7.1    Net iomem_ready_SB_LUT4_I1_O_SB_LUT4_I1_O_SB_LUT4_O_I3_SB_LUT4_I3_O_SB_LUT4_O_2_I1_SB_LUT4_I1_O_SB_LUT4_I2_O_SB_LUT4_O_I3[0] budget 0.000000 ns (18,9) -> (18,10)
Info:                Sink $nextpnr_ICESTORM_LC_49.I1
Info:                Defined in:
Info:                  top.v:169.7-204.6
Info:                  picosoc.v:159.25-159.48
Info:                  /opt/sft/bin/../share/yosys/ice40/arith_map.v:37.23-37.25
Info:  0.7  7.8  Source $nextpnr_ICESTORM_LC_49.COUT
Info:  0.0  7.8    Net $nextpnr_ICESTORM_LC_49$O budget 0.000000 ns (18,10) -> (18,10)
Info:                Sink soc.memory.cs_0_SB_CARRY_I1_CO_SB_CARRY_CO_17$CARRY.CIN
Info:  0.3  8.0  Source soc.memory.cs_0_SB_CARRY_I1_CO_SB_CARRY_CO_17$CARRY.COUT
Info:  0.0  8.0    Net soc.memory.cs_0_SB_CARRY_I1_CO[2] budget 0.000000 ns (18,10) -> (18,10)
Info:                Sink soc.memory.cs_0_SB_CARRY_I1_CO_SB_CARRY_CO_7$CARRY.CIN
Info:                Defined in:
Info:                  top.v:169.7-204.6
Info:                  picosoc.v:159.25-159.48
Info:                  /opt/sft/bin/../share/yosys/ice40/arith_map.v:37.23-37.25
Info:  0.3  8.3  Source soc.memory.cs_0_SB_CARRY_I1_CO_SB_CARRY_CO_7$CARRY.COUT
Info:  0.0  8.3    Net soc.memory.cs_0_SB_CARRY_I1_CO[3] budget 0.000000 ns (18,10) -> (18,10)
Info:                Sink soc.memory.cs_0_SB_CARRY_I1_CO_SB_CARRY_CO_6$CARRY.CIN
Info:                Defined in:
Info:                  top.v:169.7-204.6
Info:                  picosoc.v:159.25-159.48
Info:                  /opt/sft/bin/../share/yosys/ice40/arith_map.v:37.23-37.25
Info:  0.3  8.6  Source soc.memory.cs_0_SB_CARRY_I1_CO_SB_CARRY_CO_6$CARRY.COUT
Info:  0.0  8.6    Net soc.memory.cs_0_SB_CARRY_I1_CO[4] budget 0.000000 ns (18,10) -> (18,10)
Info:                Sink soc.memory.cs_0_SB_CARRY_I1_CO_SB_CARRY_CO_5$CARRY.CIN
Info:                Defined in:
Info:                  top.v:169.7-204.6
Info:                  picosoc.v:159.25-159.48
Info:                  /opt/sft/bin/../share/yosys/ice40/arith_map.v:37.23-37.25
Info:  0.3  8.9  Source soc.memory.cs_0_SB_CARRY_I1_CO_SB_CARRY_CO_5$CARRY.COUT
Info:  0.0  8.9    Net soc.memory.cs_0_SB_CARRY_I1_CO[5] budget 0.000000 ns (18,10) -> (18,10)
Info:                Sink soc.memory.cs_0_SB_CARRY_I1_CO_SB_CARRY_CO_4$CARRY.CIN
Info:                Defined in:
Info:                  top.v:169.7-204.6
Info:                  picosoc.v:159.25-159.48
Info:                  /opt/sft/bin/../share/yosys/ice40/arith_map.v:37.23-37.25
Info:  0.3  9.1  Source soc.memory.cs_0_SB_CARRY_I1_CO_SB_CARRY_CO_4$CARRY.COUT
Info:  0.0  9.1    Net soc.memory.cs_0_SB_CARRY_I1_CO[6] budget 0.000000 ns (18,10) -> (18,10)
Info:                Sink soc.memory.cs_0_SB_CARRY_I1_CO_SB_CARRY_CO_3$CARRY.CIN
Info:                Defined in:
Info:                  top.v:169.7-204.6
Info:                  picosoc.v:159.25-159.48
Info:                  /opt/sft/bin/../share/yosys/ice40/arith_map.v:37.23-37.25
Info:  0.3  9.4  Source soc.memory.cs_0_SB_CARRY_I1_CO_SB_CARRY_CO_3$CARRY.COUT
Info:  0.0  9.4    Net soc.memory.cs_0_SB_CARRY_I1_CO[7] budget 0.000000 ns (18,10) -> (18,10)
Info:                Sink soc.memory.cs_0_SB_CARRY_I1_CO_SB_CARRY_CO_2$CARRY.CIN
Info:                Defined in:
Info:                  top.v:169.7-204.6
Info:                  picosoc.v:159.25-159.48
Info:                  /opt/sft/bin/../share/yosys/ice40/arith_map.v:37.23-37.25
Info:  0.3  9.7  Source soc.memory.cs_0_SB_CARRY_I1_CO_SB_CARRY_CO_2$CARRY.COUT
Info:  0.6 10.3    Net soc.memory.cs_0_SB_CARRY_I1_CO[8] budget 0.560000 ns (18,10) -> (18,11)
Info:                Sink soc.memory.cs_0_SB_CARRY_I1_CO_SB_CARRY_CO_1$CARRY.CIN
Info:                Defined in:
Info:                  top.v:169.7-204.6
Info:                  picosoc.v:159.25-159.48
Info:                  /opt/sft/bin/../share/yosys/ice40/arith_map.v:37.23-37.25
Info:  0.3 10.5  Source soc.memory.cs_0_SB_CARRY_I1_CO_SB_CARRY_CO_1$CARRY.COUT
Info:  0.0 10.5    Net soc.memory.cs_0_SB_CARRY_I1_CO[9] budget 0.000000 ns (18,11) -> (18,11)
Info:                Sink soc.memory.cs_0_SB_CARRY_I1_CO_SB_CARRY_CO$CARRY.CIN
Info:                Defined in:
Info:                  top.v:169.7-204.6
Info:                  picosoc.v:159.25-159.48
Info:                  /opt/sft/bin/../share/yosys/ice40/arith_map.v:37.23-37.25
Info:  0.3 10.8  Source soc.memory.cs_0_SB_CARRY_I1_CO_SB_CARRY_CO$CARRY.COUT
Info:  0.0 10.8    Net soc.memory.cs_0_SB_CARRY_I1_CO[10] budget 0.000000 ns (18,11) -> (18,11)
Info:                Sink soc.memory.cs_0_SB_CARRY_I1_CO_SB_CARRY_CO_26$CARRY.CIN
Info:                Defined in:
Info:                  top.v:169.7-204.6
Info:                  picosoc.v:159.25-159.48
Info:                  /opt/sft/bin/../share/yosys/ice40/arith_map.v:37.23-37.25
Info:  0.3 11.1  Source soc.memory.cs_0_SB_CARRY_I1_CO_SB_CARRY_CO_26$CARRY.COUT
Info:  0.0 11.1    Net soc.memory.cs_0_SB_CARRY_I1_CO[11] budget 0.000000 ns (18,11) -> (18,11)
Info:                Sink soc.memory.cs_0_SB_CARRY_I1_CO_SB_CARRY_CO_25$CARRY.CIN
Info:                Defined in:
Info:                  top.v:169.7-204.6
Info:                  picosoc.v:159.25-159.48
Info:                  /opt/sft/bin/../share/yosys/ice40/arith_map.v:37.23-37.25
Info:  0.3 11.4  Source soc.memory.cs_0_SB_CARRY_I1_CO_SB_CARRY_CO_25$CARRY.COUT
Info:  0.0 11.4    Net soc.memory.cs_0_SB_CARRY_I1_CO[12] budget 0.000000 ns (18,11) -> (18,11)
Info:                Sink soc.memory.cs_0_SB_CARRY_I1_CO_SB_CARRY_CO_24$CARRY.CIN
Info:                Defined in:
Info:                  top.v:169.7-204.6
Info:                  picosoc.v:159.25-159.48
Info:                  /opt/sft/bin/../share/yosys/ice40/arith_map.v:37.23-37.25
Info:  0.3 11.6  Source soc.memory.cs_0_SB_CARRY_I1_CO_SB_CARRY_CO_24$CARRY.COUT
Info:  0.0 11.6    Net soc.memory.cs_0_SB_CARRY_I1_CO[13] budget 0.000000 ns (18,11) -> (18,11)
Info:                Sink soc.memory.cs_0_SB_CARRY_I1_CO_SB_CARRY_CO_23$CARRY.CIN
Info:                Defined in:
Info:                  top.v:169.7-204.6
Info:                  picosoc.v:159.25-159.48
Info:                  /opt/sft/bin/../share/yosys/ice40/arith_map.v:37.23-37.25
Info:  0.3 11.9  Source soc.memory.cs_0_SB_CARRY_I1_CO_SB_CARRY_CO_23$CARRY.COUT
Info:  0.0 11.9    Net soc.memory.cs_0_SB_CARRY_I1_CO[14] budget 0.000000 ns (18,11) -> (18,11)
Info:                Sink soc.memory.cs_0_SB_CARRY_I1$CARRY.CIN
Info:                Defined in:
Info:                  top.v:169.7-204.6
Info:                  picosoc.v:159.25-159.48
Info:                  /opt/sft/bin/../share/yosys/ice40/arith_map.v:37.23-37.25
Info:  0.3 12.2  Source soc.memory.cs_0_SB_CARRY_I1$CARRY.COUT
Info:  0.0 12.2    Net soc.memory.cs_0_SB_CARRY_I1_CO[15] budget 0.000000 ns (18,11) -> (18,11)
Info:                Sink soc.memory.cs_0_SB_CARRY_I1_CO_SB_CARRY_CO_22$CARRY.CIN
Info:                Defined in:
Info:                  top.v:169.7-204.6
Info:                  picosoc.v:159.25-159.48
Info:                  /opt/sft/bin/../share/yosys/ice40/arith_map.v:37.23-37.25
Info:  0.3 12.5  Source soc.memory.cs_0_SB_CARRY_I1_CO_SB_CARRY_CO_22$CARRY.COUT
Info:  0.6 13.0    Net soc.memory.cs_0_SB_CARRY_I1_CO[16] budget 0.560000 ns (18,11) -> (18,12)
Info:                Sink soc.memory.cs_0_SB_CARRY_I1_CO_SB_CARRY_CO_21$CARRY.CIN
Info:                Defined in:
Info:                  top.v:169.7-204.6
Info:                  picosoc.v:159.25-159.48
Info:                  /opt/sft/bin/../share/yosys/ice40/arith_map.v:37.23-37.25
Info:  0.3 13.3  Source soc.memory.cs_0_SB_CARRY_I1_CO_SB_CARRY_CO_21$CARRY.COUT
Info:  0.0 13.3    Net soc.memory.cs_0_SB_CARRY_I1_CO[17] budget 0.000000 ns (18,12) -> (18,12)
Info:                Sink soc.memory.cs_0_SB_CARRY_I1_CO_SB_CARRY_CO_20$CARRY.CIN
Info:                Defined in:
Info:                  top.v:169.7-204.6
Info:                  picosoc.v:159.25-159.48
Info:                  /opt/sft/bin/../share/yosys/ice40/arith_map.v:37.23-37.25
Info:  0.3 13.6  Source soc.memory.cs_0_SB_CARRY_I1_CO_SB_CARRY_CO_20$CARRY.COUT
Info:  0.0 13.6    Net soc.memory.cs_0_SB_CARRY_I1_CO[18] budget 0.000000 ns (18,12) -> (18,12)
Info:                Sink soc.memory.cs_0_SB_CARRY_I1_CO_SB_CARRY_CO_19$CARRY.CIN
Info:                Defined in:
Info:                  top.v:169.7-204.6
Info:                  picosoc.v:159.25-159.48
Info:                  /opt/sft/bin/../share/yosys/ice40/arith_map.v:37.23-37.25
Info:  0.3 13.9  Source soc.memory.cs_0_SB_CARRY_I1_CO_SB_CARRY_CO_19$CARRY.COUT
Info:  0.0 13.9    Net soc.memory.cs_0_SB_CARRY_I1_CO[19] budget 0.000000 ns (18,12) -> (18,12)
Info:                Sink soc.memory.cs_0_SB_CARRY_I1_CO_SB_CARRY_CO_18$CARRY.CIN
Info:                Defined in:
Info:                  top.v:169.7-204.6
Info:                  picosoc.v:159.25-159.48
Info:                  /opt/sft/bin/../share/yosys/ice40/arith_map.v:37.23-37.25
Info:  0.3 14.2  Source soc.memory.cs_0_SB_CARRY_I1_CO_SB_CARRY_CO_18$CARRY.COUT
Info:  0.0 14.2    Net soc.memory.cs_0_SB_CARRY_I1_CO[20] budget 0.000000 ns (18,12) -> (18,12)
Info:                Sink soc.memory.cs_0_SB_CARRY_I1_CO_SB_CARRY_CO_16$CARRY.CIN
Info:                Defined in:
Info:                  top.v:169.7-204.6
Info:                  picosoc.v:159.25-159.48
Info:                  /opt/sft/bin/../share/yosys/ice40/arith_map.v:37.23-37.25
Info:  0.3 14.4  Source soc.memory.cs_0_SB_CARRY_I1_CO_SB_CARRY_CO_16$CARRY.COUT
Info:  0.0 14.4    Net soc.memory.cs_0_SB_CARRY_I1_CO[21] budget 0.000000 ns (18,12) -> (18,12)
Info:                Sink soc.memory.cs_0_SB_CARRY_I1_CO_SB_CARRY_CO_15$CARRY.CIN
Info:                Defined in:
Info:                  top.v:169.7-204.6
Info:                  picosoc.v:159.25-159.48
Info:                  /opt/sft/bin/../share/yosys/ice40/arith_map.v:37.23-37.25
Info:  0.3 14.7  Source soc.memory.cs_0_SB_CARRY_I1_CO_SB_CARRY_CO_15$CARRY.COUT
Info:  0.0 14.7    Net soc.memory.cs_0_SB_CARRY_I1_CO[22] budget 0.000000 ns (18,12) -> (18,12)
Info:                Sink soc.memory.cs_0_SB_CARRY_I1_CO_SB_CARRY_CO_14$CARRY.CIN
Info:                Defined in:
Info:                  top.v:169.7-204.6
Info:                  picosoc.v:159.25-159.48
Info:                  /opt/sft/bin/../share/yosys/ice40/arith_map.v:37.23-37.25
Info:  0.3 15.0  Source soc.memory.cs_0_SB_CARRY_I1_CO_SB_CARRY_CO_14$CARRY.COUT
Info:  0.0 15.0    Net soc.memory.cs_0_SB_CARRY_I1_CO[23] budget 0.000000 ns (18,12) -> (18,12)
Info:                Sink soc.memory.cs_0_SB_CARRY_I1_CO_SB_CARRY_CO_13$CARRY.CIN
Info:                Defined in:
Info:                  top.v:169.7-204.6
Info:                  picosoc.v:159.25-159.48
Info:                  /opt/sft/bin/../share/yosys/ice40/arith_map.v:37.23-37.25
Info:  0.3 15.3  Source soc.memory.cs_0_SB_CARRY_I1_CO_SB_CARRY_CO_13$CARRY.COUT
Info:  0.6 15.8    Net soc.memory.cs_0_SB_CARRY_I1_CO[24] budget 0.560000 ns (18,12) -> (18,13)
Info:                Sink soc.memory.cs_0_SB_CARRY_I1_CO_SB_CARRY_CO_12$CARRY.CIN
Info:                Defined in:
Info:                  top.v:169.7-204.6
Info:                  picosoc.v:159.25-159.48
Info:                  /opt/sft/bin/../share/yosys/ice40/arith_map.v:37.23-37.25
Info:  0.3 16.1  Source soc.memory.cs_0_SB_CARRY_I1_CO_SB_CARRY_CO_12$CARRY.COUT
Info:  0.0 16.1    Net soc.memory.cs_0_SB_CARRY_I1_CO[25] budget 0.000000 ns (18,13) -> (18,13)
Info:                Sink soc.memory.cs_0_SB_CARRY_I1_CO_SB_CARRY_CO_11$CARRY.CIN
Info:                Defined in:
Info:                  top.v:169.7-204.6
Info:                  picosoc.v:159.25-159.48
Info:                  /opt/sft/bin/../share/yosys/ice40/arith_map.v:37.23-37.25
Info:  0.3 16.4  Source soc.memory.cs_0_SB_CARRY_I1_CO_SB_CARRY_CO_11$CARRY.COUT
Info:  0.0 16.4    Net soc.memory.cs_0_SB_CARRY_I1_CO[26] budget 0.000000 ns (18,13) -> (18,13)
Info:                Sink soc.memory.cs_0_SB_CARRY_I1_CO_SB_CARRY_CO_10$CARRY.CIN
Info:                Defined in:
Info:                  top.v:169.7-204.6
Info:                  picosoc.v:159.25-159.48
Info:                  /opt/sft/bin/../share/yosys/ice40/arith_map.v:37.23-37.25
Info:  0.3 16.7  Source soc.memory.cs_0_SB_CARRY_I1_CO_SB_CARRY_CO_10$CARRY.COUT
Info:  0.0 16.7    Net soc.memory.cs_0_SB_CARRY_I1_CO[27] budget 0.000000 ns (18,13) -> (18,13)
Info:                Sink soc.memory.cs_0_SB_CARRY_I1_CO_SB_CARRY_CO_9$CARRY.CIN
Info:                Defined in:
Info:                  top.v:169.7-204.6
Info:                  picosoc.v:159.25-159.48
Info:                  /opt/sft/bin/../share/yosys/ice40/arith_map.v:37.23-37.25
Info:  0.3 16.9  Source soc.memory.cs_0_SB_CARRY_I1_CO_SB_CARRY_CO_9$CARRY.COUT
Info:  0.0 16.9    Net soc.memory.cs_0_SB_CARRY_I1_CO[28] budget 0.000000 ns (18,13) -> (18,13)
Info:                Sink soc.memory.cs_0_SB_CARRY_I1_CO_SB_CARRY_CO_8$CARRY.CIN
Info:                Defined in:
Info:                  top.v:169.7-204.6
Info:                  picosoc.v:159.25-159.48
Info:                  /opt/sft/bin/../share/yosys/ice40/arith_map.v:37.23-37.25
Info:  0.3 17.2  Source soc.memory.cs_0_SB_CARRY_I1_CO_SB_CARRY_CO_8$CARRY.COUT
Info:  0.0 17.2    Net soc.memory.cs_0_SB_CARRY_I1_CO[29] budget 0.000000 ns (18,13) -> (18,13)
Info:                Sink soc.spimemio.valid_SB_LUT4_O_I0_SB_CARRY_CO$CARRY.CIN
Info:                Defined in:
Info:                  top.v:169.7-204.6
Info:                  picosoc.v:159.25-159.48
Info:                  /opt/sft/bin/../share/yosys/ice40/arith_map.v:37.23-37.25
Info:  0.3 17.5  Source soc.spimemio.valid_SB_LUT4_O_I0_SB_CARRY_CO$CARRY.COUT
Info:  0.7 18.1    Net $nextpnr_ICESTORM_LC_50$I3 budget 0.660000 ns (18,13) -> (18,13)
Info:                Sink $nextpnr_ICESTORM_LC_50.I3
Info:  0.9 19.0  Source $nextpnr_ICESTORM_LC_50.O
Info:  2.8 21.9    Net iomem_ready_SB_LUT4_I1_O_SB_LUT4_I1_O_SB_LUT4_O_I3_SB_LUT4_I3_O_SB_LUT4_O_2_I1_SB_LUT4_I1_O_SB_LUT4_I2_O[0] budget 0.000000 ns (18,13) -> (21,13)
Info:                Sink soc.spimemio.valid_SB_LUT4_O_LC.I0
Info:                Defined in:
Info:                  top.v:169.7-204.6
Info:                  picosoc.v:159.25-159.48
Info:                  /opt/sft/bin/../share/yosys/ice40/arith_map.v:37.23-37.25
Info:  1.3 23.2  Source soc.spimemio.valid_SB_LUT4_O_LC.O
Info:  3.5 26.6    Net flash_clk_SB_LUT4_I1_O_SB_LUT4_O_1_I2[1] budget 3.131000 ns (21,13) -> (15,10)
Info:                Sink soc.spimemio.xfer.flash_io1_di_SB_LUT4_I1_O_SB_LUT4_O_2_LC.I2
Info:                Defined in:
Info:                  /opt/sft/bin/../share/yosys/ice40/cells_map.v:6.21-6.22
Info:  1.2 27.9  Source soc.spimemio.xfer.flash_io1_di_SB_LUT4_I1_O_SB_LUT4_O_2_LC.O
Info:  1.8 29.6    Net soc.spimemio.xfer.flash_io1_di_SB_LUT4_I1_O[1] budget 3.131000 ns (15,10) -> (16,10)
Info:                Sink soc.cpu.latched_is_lb_SB_LUT4_I3_I2_SB_LUT4_I1_O_SB_LUT4_O_8_I2_SB_LUT4_O_I1_SB_LUT4_O_I2_SB_LUT4_O_LC.I1
Info:                Defined in:
Info:                  /opt/sft/bin/../share/yosys/ice40/cells_map.v:6.21-6.22
Info:  1.2 30.8  Source soc.cpu.latched_is_lb_SB_LUT4_I3_I2_SB_LUT4_I1_O_SB_LUT4_O_8_I2_SB_LUT4_O_I1_SB_LUT4_O_I2_SB_LUT4_O_LC.O
Info:  4.9 35.7    Net soc.cpu.latched_is_lb_SB_LUT4_I3_I2_SB_LUT4_I1_O_SB_LUT4_O_8_I2_SB_LUT4_O_I1_SB_LUT4_O_I2[1] budget 3.131000 ns (16,10) -> (20,23)
Info:                Sink soc.cpu.latched_is_lb_SB_LUT4_I3_I2_SB_LUT4_I1_O_SB_LUT4_O_8_I2_SB_LUT4_O_I1_SB_LUT4_O_I2_SB_LUT4_I1_LC.I1
Info:                Defined in:
Info:                  /opt/sft/bin/../share/yosys/ice40/cells_map.v:6.21-6.22
Info:  1.2 37.0  Source soc.cpu.latched_is_lb_SB_LUT4_I3_I2_SB_LUT4_I1_O_SB_LUT4_O_8_I2_SB_LUT4_O_I1_SB_LUT4_O_I2_SB_LUT4_I1_LC.O
Info:  2.3 39.3    Net soc.cpu.latched_is_lb_SB_LUT4_I3_I2_SB_LUT4_I1_O_SB_LUT4_O_8_I2_SB_LUT4_O_I1_SB_LUT4_O_I2_SB_LUT4_I1_O[1] budget 3.131000 ns (20,23) -> (21,23)
Info:                Sink soc.cpu.mem_rdata_latched_SB_LUT4_O_6_LC.I1
Info:                Defined in:
Info:                  /opt/sft/bin/../share/yosys/ice40/cells_map.v:6.21-6.22
Info:  1.2 40.5  Source soc.cpu.mem_rdata_latched_SB_LUT4_O_6_LC.O
Info:  3.6 44.1    Net soc.cpu.mem_rdata_latched[1] budget 3.131000 ns (21,23) -> (16,20)
Info:                Sink soc.cpu.latched_is_lb_SB_LUT4_I3_I2_SB_LUT4_O_I1_SB_LUT4_O_1_I2_SB_LUT4_I1_O_SB_LUT4_I0_O_SB_LUT4_O_1_LC.I3
Info:                Defined in:
Info:                  /opt/sft/bin/../share/yosys/ice40/cells_map.v:6.21-6.22
Info:  0.9 45.0  Source soc.cpu.latched_is_lb_SB_LUT4_I3_I2_SB_LUT4_O_I1_SB_LUT4_O_1_I2_SB_LUT4_I1_O_SB_LUT4_I0_O_SB_LUT4_O_1_LC.O
Info:  2.4 47.4    Net soc.cpu.decoded_imm_j_SB_DFFE_Q_17_D_SB_LUT4_O_I1_SB_LUT4_I2_O[1] budget 3.131000 ns (16,20) -> (16,22)
Info:                Sink soc.cpu.mem_do_rinst_SB_LUT4_I0_1_O_SB_LUT4_O_LC.I2
Info:                Defined in:
Info:                  /opt/sft/bin/../share/yosys/ice40/cells_map.v:6.21-6.22
Info:  1.2 48.6  Source soc.cpu.mem_do_rinst_SB_LUT4_I0_1_O_SB_LUT4_O_LC.O
Info:  1.8 50.4    Net soc.cpu.mem_do_rinst_SB_LUT4_I0_1_O[0] budget 3.201000 ns (16,22) -> (15,23)
Info:                Sink soc.cpu.decoder_pseudo_trigger_SB_DFFSR_Q_D_SB_LUT4_O_I3_SB_LUT4_O_LC.I1
Info:                Defined in:
Info:                  /opt/sft/bin/../share/yosys/ice40/cells_map.v:6.21-6.22
Info:  1.2 51.6  Source soc.cpu.decoder_pseudo_trigger_SB_DFFSR_Q_D_SB_LUT4_O_I3_SB_LUT4_O_LC.O
Info:  4.2 55.8    Net soc.cpu.cpu_state_SB_DFF_Q_3_D_SB_LUT4_O_I3[1] budget 3.201000 ns (15,23) -> (2,23)
Info:                Sink soc.cpu.mem_do_prefetch_SB_LUT4_I3_LC.I2
Info:                Defined in:
Info:                  /opt/sft/bin/../share/yosys/ice40/cells_map.v:6.21-6.22
Info:  1.2 57.0  Source soc.cpu.mem_do_prefetch_SB_LUT4_I3_LC.O
Info:  1.8 58.8    Net soc.cpu.instr_sw_SB_LUT4_I0_1_O[0] budget 3.201000 ns (2,23) -> (3,22)
Info:                Sink soc.cpu.instr_sll_SB_LUT4_I0_O_SB_LUT4_I2_O_SB_LUT4_O_LC.I3
Info:                Defined in:
Info:                  /opt/sft/bin/../share/yosys/ice40/cells_map.v:6.21-6.22
Info:  0.9 59.7  Source soc.cpu.instr_sll_SB_LUT4_I0_O_SB_LUT4_I2_O_SB_LUT4_O_LC.O
Info:  3.6 63.3    Net soc.cpu.instr_sll_SB_LUT4_I0_O_SB_LUT4_I2_O[3] budget 3.201000 ns (3,22) -> (5,17)
Info:                Sink soc.cpu.instr_sll_SB_LUT4_I0_O_SB_LUT4_I2_O_SB_LUT4_I0_LC.I3
Info:                Defined in:
Info:                  /opt/sft/bin/../share/yosys/ice40/cells_map.v:6.21-6.22
Info:  0.9 64.1  Source soc.cpu.instr_sll_SB_LUT4_I0_O_SB_LUT4_I2_O_SB_LUT4_I0_LC.O
Info:  2.4 66.5    Net soc.cpu.instr_sll_SB_LUT4_I0_O_SB_LUT4_I2_O_SB_LUT4_I0_O[3] budget 3.201000 ns (5,17) -> (4,20)
Info:                Sink soc.cpu.reg_op1_SB_DFFE_Q_E_SB_LUT4_O_LC.I3
Info:                Defined in:
Info:                  /opt/sft/bin/../share/yosys/ice40/cells_map.v:6.21-6.22
Info:  0.9 67.4  Source soc.cpu.reg_op1_SB_DFFE_Q_E_SB_LUT4_O_LC.O
Info:  3.0 70.4    Net soc.cpu.reg_op1_SB_DFFE_Q_E budget 3.201000 ns (4,20) -> (4,20)
Info:                Sink soc.cpu.instr_sll_SB_LUT4_I0_O_SB_LUT4_I2_I0_SB_LUT4_O_I3_SB_LUT4_I2_O_SB_LUT4_O_LC.CEN
Info:  0.1 70.5  Setup soc.cpu.instr_sll_SB_LUT4_I0_O_SB_LUT4_I2_I0_SB_LUT4_O_I3_SB_LUT4_I2_O_SB_LUT4_O_LC.CEN
Info: 25.3 ns logic, 45.2 ns routing

Info: Critical path report for cross-domain path '<async>' -> 'posedge clk$SB_IO_IN_$glb_clk':
Info: curr total
Info:  0.0  0.0  Source flash_io_buf[1].D_IN_0
Info:  4.8  4.8    Net flash_io1_di budget 5.272000 ns (23,0) -> (17,9)
Info:                Sink soc.spimemio.xfer.flash_io1_di_SB_LUT4_I1_LC.I1
Info:                Defined in:
Info:                  top.v:169.7-204.6
Info:                  picosoc.v:116.14-116.32
Info:  1.2  6.0  Source soc.spimemio.xfer.flash_io1_di_SB_LUT4_I1_LC.O
Info:  1.8  7.8    Net soc.spimemio.xfer.flash_io1_di_SB_LUT4_I1_O[0] budget 3.131000 ns (17,9) -> (16,10)
Info:                Sink soc.cpu.latched_is_lb_SB_LUT4_I3_I2_SB_LUT4_I1_O_SB_LUT4_O_8_I2_SB_LUT4_O_I1_SB_LUT4_O_I2_SB_LUT4_O_LC.I0
Info:                Defined in:
Info:                  /opt/sft/bin/../share/yosys/ice40/cells_map.v:6.21-6.22
Info:  1.3  9.1  Source soc.cpu.latched_is_lb_SB_LUT4_I3_I2_SB_LUT4_I1_O_SB_LUT4_O_8_I2_SB_LUT4_O_I1_SB_LUT4_O_I2_SB_LUT4_O_LC.O
Info:  4.9 14.0    Net soc.cpu.latched_is_lb_SB_LUT4_I3_I2_SB_LUT4_I1_O_SB_LUT4_O_8_I2_SB_LUT4_O_I1_SB_LUT4_O_I2[1] budget 3.131000 ns (16,10) -> (20,23)
Info:                Sink soc.cpu.latched_is_lb_SB_LUT4_I3_I2_SB_LUT4_I1_O_SB_LUT4_O_8_I2_SB_LUT4_O_I1_SB_LUT4_O_I2_SB_LUT4_I1_LC.I1
Info:                Defined in:
Info:                  /opt/sft/bin/../share/yosys/ice40/cells_map.v:6.21-6.22
Info:  1.2 15.2  Source soc.cpu.latched_is_lb_SB_LUT4_I3_I2_SB_LUT4_I1_O_SB_LUT4_O_8_I2_SB_LUT4_O_I1_SB_LUT4_O_I2_SB_LUT4_I1_LC.O
Info:  2.3 17.5    Net soc.cpu.latched_is_lb_SB_LUT4_I3_I2_SB_LUT4_I1_O_SB_LUT4_O_8_I2_SB_LUT4_O_I1_SB_LUT4_O_I2_SB_LUT4_I1_O[1] budget 3.131000 ns (20,23) -> (21,23)
Info:                Sink soc.cpu.mem_rdata_latched_SB_LUT4_O_6_LC.I1
Info:                Defined in:
Info:                  /opt/sft/bin/../share/yosys/ice40/cells_map.v:6.21-6.22
Info:  1.2 18.7  Source soc.cpu.mem_rdata_latched_SB_LUT4_O_6_LC.O
Info:  3.6 22.3    Net soc.cpu.mem_rdata_latched[1] budget 3.131000 ns (21,23) -> (16,20)
Info:                Sink soc.cpu.latched_is_lb_SB_LUT4_I3_I2_SB_LUT4_O_I1_SB_LUT4_O_1_I2_SB_LUT4_I1_O_SB_LUT4_I0_O_SB_LUT4_O_1_LC.I3
Info:                Defined in:
Info:                  /opt/sft/bin/../share/yosys/ice40/cells_map.v:6.21-6.22
Info:  0.9 23.2  Source soc.cpu.latched_is_lb_SB_LUT4_I3_I2_SB_LUT4_O_I1_SB_LUT4_O_1_I2_SB_LUT4_I1_O_SB_LUT4_I0_O_SB_LUT4_O_1_LC.O
Info:  2.4 25.6    Net soc.cpu.decoded_imm_j_SB_DFFE_Q_17_D_SB_LUT4_O_I1_SB_LUT4_I2_O[1] budget 3.131000 ns (16,20) -> (16,22)
Info:                Sink soc.cpu.mem_do_rinst_SB_LUT4_I0_1_O_SB_LUT4_O_LC.I2
Info:                Defined in:
Info:                  /opt/sft/bin/../share/yosys/ice40/cells_map.v:6.21-6.22
Info:  1.2 26.8  Source soc.cpu.mem_do_rinst_SB_LUT4_I0_1_O_SB_LUT4_O_LC.O
Info:  1.8 28.6    Net soc.cpu.mem_do_rinst_SB_LUT4_I0_1_O[0] budget 3.201000 ns (16,22) -> (15,23)
Info:                Sink soc.cpu.decoder_pseudo_trigger_SB_DFFSR_Q_D_SB_LUT4_O_I3_SB_LUT4_O_LC.I1
Info:                Defined in:
Info:                  /opt/sft/bin/../share/yosys/ice40/cells_map.v:6.21-6.22
Info:  1.2 29.8  Source soc.cpu.decoder_pseudo_trigger_SB_DFFSR_Q_D_SB_LUT4_O_I3_SB_LUT4_O_LC.O
Info:  4.2 34.0    Net soc.cpu.cpu_state_SB_DFF_Q_3_D_SB_LUT4_O_I3[1] budget 3.201000 ns (15,23) -> (2,23)
Info:                Sink soc.cpu.mem_do_prefetch_SB_LUT4_I3_LC.I2
Info:                Defined in:
Info:                  /opt/sft/bin/../share/yosys/ice40/cells_map.v:6.21-6.22
Info:  1.2 35.2  Source soc.cpu.mem_do_prefetch_SB_LUT4_I3_LC.O
Info:  1.8 37.0    Net soc.cpu.instr_sw_SB_LUT4_I0_1_O[0] budget 3.201000 ns (2,23) -> (3,22)
Info:                Sink soc.cpu.instr_sll_SB_LUT4_I0_O_SB_LUT4_I2_O_SB_LUT4_O_LC.I3
Info:                Defined in:
Info:                  /opt/sft/bin/../share/yosys/ice40/cells_map.v:6.21-6.22
Info:  0.9 37.9  Source soc.cpu.instr_sll_SB_LUT4_I0_O_SB_LUT4_I2_O_SB_LUT4_O_LC.O
Info:  3.6 41.5    Net soc.cpu.instr_sll_SB_LUT4_I0_O_SB_LUT4_I2_O[3] budget 3.201000 ns (3,22) -> (5,17)
Info:                Sink soc.cpu.instr_sll_SB_LUT4_I0_O_SB_LUT4_I2_O_SB_LUT4_I0_LC.I3
Info:                Defined in:
Info:                  /opt/sft/bin/../share/yosys/ice40/cells_map.v:6.21-6.22
Info:  0.9 42.3  Source soc.cpu.instr_sll_SB_LUT4_I0_O_SB_LUT4_I2_O_SB_LUT4_I0_LC.O
Info:  2.4 44.8    Net soc.cpu.instr_sll_SB_LUT4_I0_O_SB_LUT4_I2_O_SB_LUT4_I0_O[3] budget 3.201000 ns (5,17) -> (4,20)
Info:                Sink soc.cpu.reg_op1_SB_DFFE_Q_E_SB_LUT4_O_LC.I3
Info:                Defined in:
Info:                  /opt/sft/bin/../share/yosys/ice40/cells_map.v:6.21-6.22
Info:  0.9 45.6  Source soc.cpu.reg_op1_SB_DFFE_Q_E_SB_LUT4_O_LC.O
Info:  3.0 48.6    Net soc.cpu.reg_op1_SB_DFFE_Q_E budget 3.201000 ns (4,20) -> (4,20)
Info:                Sink soc.cpu.instr_sll_SB_LUT4_I0_O_SB_LUT4_I2_I0_SB_LUT4_O_I3_SB_LUT4_I2_O_SB_LUT4_O_LC.CEN
Info:  0.1 48.7  Setup soc.cpu.instr_sll_SB_LUT4_I0_O_SB_LUT4_I2_I0_SB_LUT4_O_I3_SB_LUT4_I2_O_SB_LUT4_O_LC.CEN
Info: 12.2 ns logic, 36.5 ns routing

Info: Critical path report for cross-domain path 'posedge clk$SB_IO_IN_$glb_clk' -> '<async>':
Info: curr total
Info:  1.4  1.4  Source soc.spimemio.xfer.dummy_count_SB_DFFESR_Q_3_D_SB_LUT4_O_LC.O
Info:  1.8  3.2    Net soc.spimemio.xfer.dummy_count[0] budget 3.914000 ns (24,5) -> (23,5)
Info:                Sink flash_io0_oe_SB_LUT4_O_I1_SB_LUT4_O_LC.I0
Info:                Defined in:
Info:                  top.v:169.7-204.6
Info:                  spimemio.v:174.16-203.3
Info:                  spimemio.v:417.12-417.23
Info:                  picosoc.v:156.11-185.3
Info:  1.3  4.4  Source flash_io0_oe_SB_LUT4_O_I1_SB_LUT4_O_LC.O
Info:  3.0  7.4    Net flash_io0_oe_SB_LUT4_O_I0[1] budget 3.914000 ns (23,5) -> (21,3)
Info:                Sink flash_io3_oe_SB_LUT4_O_I1_SB_LUT4_O_LC.I2
Info:                Defined in:
Info:                  /opt/sft/bin/../share/yosys/ice40/cells_map.v:6.21-6.22
Info:  1.2  8.6  Source flash_io3_oe_SB_LUT4_O_I1_SB_LUT4_O_LC.O
Info:  1.8 10.4    Net flash_io3_oe_SB_LUT4_O_I1[1] budget 8.036000 ns (21,3) -> (21,2)
Info:                Sink soc.spimemio.xfer_io2_do_SB_LUT4_O_LC.I2
Info:                Defined in:
Info:                  /opt/sft/bin/../share/yosys/ice40/cells_map.v:6.21-6.22
Info:  1.2 11.6  Source soc.spimemio.xfer_io2_do_SB_LUT4_O_LC.O
Info:  1.8 13.3    Net soc.spimemio.xfer_io2_do budget 11.571000 ns (21,2) -> (21,1)
Info:                Sink soc.spimemio.xfer_io2_90_SB_LUT4_I1_LC.I2
Info:                Defined in:
Info:                  top.v:169.7-204.6
Info:                  spimemio.v:143.7-143.18
Info:                  picosoc.v:156.11-185.3
Info:  1.2 14.5  Source soc.spimemio.xfer_io2_90_SB_LUT4_I1_LC.O
Info:  1.8 16.3    Net flash_io2_do_SB_LUT4_O_I2[1] budget 11.545000 ns (21,1) -> (20,1)
Info:                Sink flash_io2_do_SB_LUT4_O_LC.I2
Info:                Defined in:
Info:                  /opt/sft/bin/../share/yosys/ice40/cells_map.v:6.21-6.22
Info:  1.2 17.5  Source flash_io2_do_SB_LUT4_O_LC.O
Info:  3.0 20.4    Net flash_io2_do budget 11.545000 ns (20,1) -> (18,0)
Info:                Sink flash_io_buf[2].D_OUT_0
Info:                Defined in:
Info:                  top.v:169.7-204.6
Info:                  spimemio.v:38.9-38.21
Info:                  picosoc.v:156.11-185.3
Info: 7.5 ns logic, 12.9 ns routing

Info: Critical path report for cross-domain path 'negedge clk$SB_IO_IN_$glb_clk' -> '<async>':
Info: curr total
Info:  1.4  1.4  Source soc.spimemio.xfer_io2_90_SB_DFFN_Q_DFFLC.O
Info:  1.8  3.2    Net soc.spimemio.xfer_io2_90 budget 11.545000 ns (21,1) -> (21,1)
Info:                Sink soc.spimemio.xfer_io2_90_SB_LUT4_I1_LC.I1
Info:                Defined in:
Info:                  top.v:169.7-204.6
Info:                  spimemio.v:148.6-148.17
Info:                  picosoc.v:156.11-185.3
Info:  1.2  4.4  Source soc.spimemio.xfer_io2_90_SB_LUT4_I1_LC.O
Info:  1.8  6.1    Net flash_io2_do_SB_LUT4_O_I2[1] budget 11.545000 ns (21,1) -> (20,1)
Info:                Sink flash_io2_do_SB_LUT4_O_LC.I2
Info:                Defined in:
Info:                  /opt/sft/bin/../share/yosys/ice40/cells_map.v:6.21-6.22
Info:  1.2  7.3  Source flash_io2_do_SB_LUT4_O_LC.O
Info:  3.0 10.3    Net flash_io2_do budget 11.545000 ns (20,1) -> (18,0)
Info:                Sink flash_io_buf[2].D_OUT_0
Info:                Defined in:
Info:                  top.v:169.7-204.6
Info:                  spimemio.v:38.9-38.21
Info:                  picosoc.v:156.11-185.3
Info: 3.8 ns logic, 6.5 ns routing

Info: Max frequency for clock 'clk$SB_IO_IN_$glb_clk': 14.18 MHz (PASS at 13.00 MHz)

Info: Max delay <async>                       -> posedge clk$SB_IO_IN_$glb_clk: 48.72 ns
Info: Max delay posedge clk$SB_IO_IN_$glb_clk -> <async>                      : 20.44 ns
Info: Max delay negedge clk$SB_IO_IN_$glb_clk -> <async>                      : 10.30 ns

Info: Slack histogram:
Info:  legend: * represents 13 endpoint(s)
Info:          + represents [1,13) endpoint(s)
Info: [  6424,   9792) |*+
Info: [  9792,  13160) |****+
Info: [ 13160,  16528) |******+
Info: [ 16528,  19896) |******+
Info: [ 19896,  23264) |+
Info: [ 23264,  26632) |***+
Info: [ 26632,  30000) |*****+
Info: [ 30000,  33368) |*******+
Info: [ 33368,  36736) |*******+
Info: [ 36736,  40104) |************+
Info: [ 40104,  43472) |****************+
Info: [ 43472,  46840) |******+
Info: [ 46840,  50208) |*****************+
Info: [ 50208,  53576) |*********************+
Info: [ 53576,  56944) |**************+
Info: [ 56944,  60312) |***********************************************************+
Info: [ 60312,  63680) |*******************************+
Info: [ 63680,  67048) |********************+
Info: [ 67048,  70416) |******************************************+
Info: [ 70416,  73784) |************************************************************ 

Info: Program finished normally.
